<?xml version="1.0" encoding="utf-8"?><testsuites><testsuite errors="0" failures="0" hostname="DESKTOP-SHGJK9M" name="pytest" skipped="0" tests="6" time="0.119" timestamp="2021-04-27T17:47:16.523432"><testcase classname="test_main" file="test_main.py" line="6" name="test_sum" time="0.002"></testcase><testcase classname="test_main" file="test_main.py" line="9" name="test_mul" time="0.001"></testcase><testcase classname="test_main" file="test_main.py" line="12" name="test_subtract" time="0.001"></testcase><testcase classname="test_main" file="test_main.py" line="16" name="test_xfail" time="0.000"></testcase><testcase classname="test_main" file="test_main.py" line="20" name="test_xskip" time="0.001"></testcase><testcase classname="test_main" file="test_main.py" line="23" name="test_moarr" time="0.001"></testcase></testsuite></testsuites>