<?xml version="1.0" encoding="utf-8"?><testsuites><testsuite errors="0" failures="0" hostname="7880bbc9e4c0" name="pytest" skipped="0" tests="6" time="0.045" timestamp="2021-04-27T11:22:18.149275"><testcase classname="test_main" name="test_sum" time="0.001" /><testcase classname="test_main" name="test_mul" time="0.002" /><testcase classname="test_main" name="test_subtract" time="0.001" /><testcase classname="test_main" name="test_xfail" time="0.001" /><testcase classname="test_main" name="test_xskip" time="0.001" /><testcase classname="test_main" name="test_moarr" time="0.001" /></testsuite></testsuites>